<?xml version="1.0" encoding="UTF-8"?>
<!-- Generated by org.testng.reporters.JUnitReportReporter -->
<testsuite hostname="QAPTJM03" failures="0" tests="14" name="TestRunner.TestNgRunner" time="198.834" errors="0" timestamp="2023-07-11T15:41:02 IST" skipped="0">
  <testcase classname="TestRunner.TestNgRunner" name="runScenario" time="16.380"/>
  <testcase classname="TestRunner.TestNgRunner" name="runScenario" time="8.088"/>
  <testcase classname="TestRunner.TestNgRunner" name="runScenario" time="12.728"/>
  <testcase classname="TestRunner.TestNgRunner" name="runScenario" time="16.234"/>
  <testcase classname="TestRunner.TestNgRunner" name="runScenario" time="17.212"/>
  <testcase classname="TestRunner.TestNgRunner" name="runScenario" time="11.228"/>
  <testcase classname="TestRunner.TestNgRunner" name="runScenario" time="17.870"/>
  <testcase classname="TestRunner.TestNgRunner" name="runScenario" time="15.981"/>
  <testcase classname="TestRunner.TestNgRunner" name="runScenario" time="14.878"/>
  <testcase classname="TestRunner.TestNgRunner" name="runScenario" time="10.648"/>
  <testcase classname="TestRunner.TestNgRunner" name="runScenario" time="17.862"/>
  <testcase classname="TestRunner.TestNgRunner" name="runScenario" time="9.513"/>
  <testcase classname="TestRunner.TestNgRunner" name="runScenario" time="13.251"/>
  <testcase classname="TestRunner.TestNgRunner" name="runScenario" time="16.961"/>
</testsuite> <!-- TestRunner.TestNgRunner -->
