<?xml version="1.0" encoding="UTF-8"?>
<!-- Generated by org.testng.reporters.JUnitReportReporter -->
<testsuite hostname="QAPTJM03" failures="0" tests="7" name="TestRunner.TestNgRunner" time="95.366" errors="1" timestamp="2023-07-10T12:11:35 IST" skipped="0">
  <testcase classname="TestRunner.TestNgRunner" name="runScenario" time="9.864"/>
  <system-out/>
  <testcase classname="TestRunner.TestNgRunner" name="runScenario" time="20.629"/>
  <system-out/>
  <testcase classname="TestRunner.TestNgRunner" name="runScenario" time="12.333"/>
  <system-out/>
  <testcase classname="TestRunner.TestNgRunner" name="runScenario" time="11.308"/>
  <system-out/>
  <testcase classname="TestRunner.TestNgRunner" name="runScenario" time="18.391">
    <error message="timeout: Timed out receiving message from renderer: 10.000
  (Session info: chrome=114.0.5735.199)
Build info: version: &#039;4.10.0&#039;, revision: &#039;c14d967899&#039;
System info: os.name: &#039;Windows Server 2019&#039;, os.arch: &#039;amd64&#039;, os.version: &#039;10.0&#039;, java.version: &#039;17.0.7&#039;
Driver info: org.openqa.selenium.chrome.ChromeDriver
Command: [cdb9b207cb8f8c7381ac093337fad830, findElement {using=xpath, value=(//table[@id=&#039;photo_list&#039;]//td[7]//span[@class=&quot;rejected&quot;])[1]}]
Capabilities {acceptInsecureCerts: false, browserName: chrome, browserVersion: 114.0.5735.199, chrome: {chromedriverVersion: 114.0.5735.90 (386bc09e8f4f..., userDataDir: C:\Users\10141H1R\AppData\L...}, goog:chromeOptions: {debuggerAddress: localhost:54006}, networkConnectionEnabled: false, pageLoadStrategy: normal, platformName: windows, proxy: Proxy(), se:cdp: ws://localhost:54006/devtoo..., se:cdpVersion: 114.0.5735.199, setWindowRect: true, strictFileInteractability: false, timeouts: {implicit: 0, pageLoad: 300000, script: 30000}, unhandledPromptBehavior: dismiss and notify, webauthn:extension:credBlob: true, webauthn:extension:largeBlob: true, webauthn:extension:minPinLength: true, webauthn:extension:prf: true, webauthn:virtualAuthenticators: true}
Session ID: cdb9b207cb8f8c7381ac093337fad830" type="org.openqa.selenium.TimeoutException">
      <![CDATA[org.openqa.selenium.TimeoutException: timeout: Timed out receiving message from renderer: 10.000
  (Session info: chrome=114.0.5735.199)
Build info: version: '4.10.0', revision: 'c14d967899'
System info: os.name: 'Windows Server 2019', os.arch: 'amd64', os.version: '10.0', java.version: '17.0.7'
Driver info: org.openqa.selenium.chrome.ChromeDriver
Command: [cdb9b207cb8f8c7381ac093337fad830, findElement {using=xpath, value=(//table[@id='photo_list']//td[7]//span[@class="rejected"])[1]}]
Capabilities {acceptInsecureCerts: false, browserName: chrome, browserVersion: 114.0.5735.199, chrome: {chromedriverVersion: 114.0.5735.90 (386bc09e8f4f..., userDataDir: C:\Users\10141H1R\AppData\L...}, goog:chromeOptions: {debuggerAddress: localhost:54006}, networkConnectionEnabled: false, pageLoadStrategy: normal, platformName: windows, proxy: Proxy(), se:cdp: ws://localhost:54006/devtoo..., se:cdpVersion: 114.0.5735.199, setWindowRect: true, strictFileInteractability: false, timeouts: {implicit: 0, pageLoad: 300000, script: 30000}, unhandledPromptBehavior: dismiss and notify, webauthn:extension:credBlob: true, webauthn:extension:largeBlob: true, webauthn:extension:minPinLength: true, webauthn:extension:prf: true, webauthn:virtualAuthenticators: true}
Session ID: cdb9b207cb8f8c7381ac093337fad830
at java.base/jdk.internal.reflect.NativeConstructorAccessorImpl.newInstance0(Native Method)
at java.base/jdk.internal.reflect.NativeConstructorAccessorImpl.newInstance(NativeConstructorAccessorImpl.java:77)
at java.base/jdk.internal.reflect.DelegatingConstructorAccessorImpl.newInstance(DelegatingConstructorAccessorImpl.java:45)
at java.base/java.lang.reflect.Constructor.newInstanceWithCaller(Constructor.java:499)
at java.base/java.lang.reflect.Constructor.newInstance(Constructor.java:480)
at org.openqa.selenium.remote.codec.w3c.W3CHttpResponseCodec.createException(W3CHttpResponseCodec.java:199)
at org.openqa.selenium.remote.codec.w3c.W3CHttpResponseCodec.decode(W3CHttpResponseCodec.java:132)
at org.openqa.selenium.remote.codec.w3c.W3CHttpResponseCodec.decode(W3CHttpResponseCodec.java:51)
at org.openqa.selenium.remote.HttpCommandExecutor.execute(HttpCommandExecutor.java:191)
at org.openqa.selenium.remote.service.DriverCommandExecutor.invokeExecute(DriverCommandExecutor.java:196)
at org.openqa.selenium.remote.service.DriverCommandExecutor.execute(DriverCommandExecutor.java:171)
at org.openqa.selenium.remote.RemoteWebDriver.execute(RemoteWebDriver.java:531)
at org.openqa.selenium.remote.ElementLocation$ElementFinder$2.findElement(ElementLocation.java:165)
at org.openqa.selenium.remote.ElementLocation.findElement(ElementLocation.java:59)
at org.openqa.selenium.remote.RemoteWebDriver.findElement(RemoteWebDriver.java:350)
at org.openqa.selenium.remote.RemoteWebDriver.findElement(RemoteWebDriver.java:344)
at org.openqa.selenium.support.pagefactory.DefaultElementLocator.findElement(DefaultElementLocator.java:68)
at org.openqa.selenium.support.pagefactory.internal.LocatingElementHandler.invoke(LocatingElementHandler.java:38)
at jdk.proxy2/jdk.proxy2.$Proxy32.getText(Unknown Source)
at PageObjects.StatusReportPage.GetRejection_Status(StatusReportPage.java:164)
at StepDefinitions.StatusReport_Step.Unpublished_Status(StatusReport_Step.java:149)
at âœ½.Admin is able to check whether the report is unpublished successfully(file:///C:/Users/10141H1R/HPCL-POC/HPCL_POC_Demo/src/test/java/HP_Radar_featureFiles/feature/AdminHomePage.feature:28)
]]>
    </error>
  </testcase> <!-- runScenario -->
  <system-out/>
  <testcase classname="TestRunner.TestNgRunner" name="runScenario" time="10.269"/>
  <system-out/>
  <testcase classname="TestRunner.TestNgRunner" name="runScenario" time="12.572"/>
  <system-out/>
</testsuite> <!-- TestRunner.TestNgRunner -->
