<?xml version="1.0" encoding="UTF-8"?>
<!-- Generated by org.testng.reporters.JUnitReportReporter -->
<testsuite hostname="QAPTJM03" failures="0" tests="6" name="TestRunner.TestNgRunner" time="54.776" errors="0" timestamp="2023-07-13T14:35:33 IST" skipped="0">
  <testcase classname="TestRunner.TestNgRunner" name="runScenario" time="10.338"/>
  <testcase classname="TestRunner.TestNgRunner" name="runScenario" time="8.513"/>
  <testcase classname="TestRunner.TestNgRunner" name="runScenario" time="10.261"/>
  <testcase classname="TestRunner.TestNgRunner" name="runScenario" time="10.369"/>
  <testcase classname="TestRunner.TestNgRunner" name="runScenario" time="5.352"/>
  <testcase classname="TestRunner.TestNgRunner" name="runScenario" time="9.943"/>
</testsuite> <!-- TestRunner.TestNgRunner -->
