<?xml version="1.0" encoding="UTF-8"?>
<!-- Generated by org.testng.reporters.JUnitReportReporter -->
<testsuite hostname="QAPTJM03" failures="0" tests="3" name="TestRunner.TestNgRunner2" time="32.438" errors="0" timestamp="2023-07-13T13:22:34 IST" skipped="0">
  <testcase classname="TestRunner.TestNgRunner2" name="runScenario" time="8.318"/>
  <testcase classname="TestRunner.TestNgRunner2" name="runScenario" time="12.638"/>
  <testcase classname="TestRunner.TestNgRunner2" name="runScenario" time="11.482"/>
</testsuite> <!-- TestRunner.TestNgRunner2 -->
