<?xml version="1.0" encoding="UTF-8"?>
<!-- Generated by org.testng.reporters.JUnitReportReporter -->
<testsuite hostname="QAPTJM03" failures="0" tests="3" name="TestRunner.TestNgRunner2" time="32.719" errors="0" timestamp="2023-07-13T14:31:22 IST" skipped="0">
  <testcase classname="TestRunner.TestNgRunner2" name="runScenario" time="12.518"/>
  <testcase classname="TestRunner.TestNgRunner2" name="runScenario" time="8.497"/>
  <testcase classname="TestRunner.TestNgRunner2" name="runScenario" time="11.704"/>
</testsuite> <!-- TestRunner.TestNgRunner2 -->
