<?xml version="1.0" encoding="UTF-8"?>
<!-- Generated by org.testng.reporters.JUnitReportReporter -->
<testsuite hostname="QAPTJM03" failures="0" tests="2" name="TestRunner.TestNgRunner2" time="22.656" errors="0" timestamp="2023-07-13T15:25:12 IST" skipped="0">
  <testcase classname="TestRunner.TestNgRunner2" name="runScenario" time="11.127"/>
  <testcase classname="TestRunner.TestNgRunner2" name="runScenario" time="11.529"/>
</testsuite> <!-- TestRunner.TestNgRunner2 -->
