<?xml version="1.0" encoding="UTF-8"?>
<!-- Generated by org.testng.reporters.JUnitReportReporter -->
<testsuite hostname="QAPTJM03" failures="0" tests="3" name="TestRunner.TestNgRunner" time="25.265" errors="0" timestamp="2023-07-13T13:21:52 IST" skipped="0">
  <testcase classname="TestRunner.TestNgRunner" name="runScenario" time="5.188"/>
  <testcase classname="TestRunner.TestNgRunner" name="runScenario" time="10.339"/>
  <testcase classname="TestRunner.TestNgRunner" name="runScenario" time="9.738"/>
</testsuite> <!-- TestRunner.TestNgRunner -->
